<?xml version="1.0" encoding="UTF-8"?>
<testsuite xmlns:xsi="http://www.w3.org/2001/XMLSchema-instance" xsi:noNamespaceSchemaLocation="https://maven.apache.org/surefire/maven-surefire-plugin/xsd/surefire-test-report.xsd" name="io.namoo.metro.ra.jpa.MetroJpaStoreTest" time="5.244" tests="5" errors="0" skipped="0" failures="0">
  <properties>
[...]
</properties>
  <testcase name="testExist" classname="io.namoo.metro.ra.jpa.MetroJpaStoreTest" time="0.357"/>
  <testcase name="testCreateAndRetrieve" classname="io.namoo.metro.ra.jpa.MetroJpaStoreTest" time="0.012"/>
  <testcase name="testExistByName" classname="io.namoo.metro.ra.jpa.MetroJpaStoreTest" time="0.01"/>
  <testcase name="testDelete" classname="io.namoo.metro.ra.jpa.MetroJpaStoreTest" time="0.011"/>
  <testcase name="testUpdate" classname="io.namoo.metro.ra.jpa.MetroJpaStoreTest" time="0.009"/>
</testsuite>